app/build/intermediates/manifest_merge_blame_file/debug/manifest-merger-blame-debug-report.txt
1<?xml version="1.0" encoding="utf-8"?>
2<manifest xmlns:android="http://schemas.android.com/apk/res/android"
3    package="com.signmaps"
4    android:versionCode="1"
5    android:versionName="1.0" >
6
7    <uses-sdk
7-->src\main\AndroidManifest.xml:5:5-17
8        android:minSdkVersion="19"
8-->src\main\AndroidManifest.xml:5:5-17
9        android:targetSdkVersion="30" />
9-->src\main\AndroidManifest.xml:5:5-17
10
11    <uses-permission android:name="android.permission.CAMERA" />
11-->src\main\AndroidManifest.xml:7:5-65
11-->src\main\AndroidManifest.xml:7:22-62
12
13    <uses-feature android:name="android.hardware.camera" />
13-->src\main\AndroidManifest.xml:9:5-60
13-->src\main\AndroidManifest.xml:9:19-57
14    <uses-feature android:name="android.hardware.camera.autofocus" />
14-->src\main\AndroidManifest.xml:10:5-70
14-->src\main\AndroidManifest.xml:10:19-67
15
16    <uses-permission android:name="android.permission.ACCESS_FINE_LOCATION" />
16-->src\main\AndroidManifest.xml:12:5-79
16-->src\main\AndroidManifest.xml:12:22-76
17    <uses-permission android:name="android.permission.WRITE_EXTERNAL_STORAGE" />
17-->src\main\AndroidManifest.xml:13:5-81
17-->src\main\AndroidManifest.xml:13:22-78
18    <uses-permission android:name="android.permission.ACCESS_NETWORK_STATE" />
18-->src\main\AndroidManifest.xml:14:5-79
18-->src\main\AndroidManifest.xml:14:22-76
19    <uses-permission android:name="android.permission.INTERNET" />
19-->src\main\AndroidManifest.xml:15:5-67
19-->src\main\AndroidManifest.xml:15:22-64
20    <uses-permission android:name="android.permission.ACCESS_WIFI_STATE" /> <!-- To allow starting foreground services on Android P+ -->
20-->src\main\AndroidManifest.xml:16:5-76
20-->src\main\AndroidManifest.xml:16:22-73
21    <!-- https://developer.android.com/preview/behavior-changes#fg-svc -->
22    <uses-permission android:name="android.permission.FOREGROUND_SERVICE" />
22-->src\main\AndroidManifest.xml:18:5-77
22-->src\main\AndroidManifest.xml:18:22-74
23
24    <application
24-->src\main\AndroidManifest.xml:20:5-56:19
25        android:allowBackup="true"
25-->src\main\AndroidManifest.xml:21:9-35
26        android:appComponentFactory="androidx.core.app.CoreComponentFactory"
26-->[androidx.core:core:1.3.1] AndroidManifest.xml:24:18-86
27        android:debuggable="true"
28        android:icon="@mipmap/ic_launcher"
28-->src\main\AndroidManifest.xml:22:9-43
29        android:label="@string/app_name"
29-->src\main\AndroidManifest.xml:23:9-41
30        android:supportsRtl="true"
30-->src\main\AndroidManifest.xml:24:9-35
31        android:testOnly="true"
32        android:theme="@style/AppTheme" >
32-->src\main\AndroidManifest.xml:25:9-40
33        <activity android:name="com.signmaps.VoiceSkinsActivity" />
33-->src\main\AndroidManifest.xml:26:9-65
33-->src\main\AndroidManifest.xml:26:19-53
34        <activity android:name="com.signmaps.VoicePackagesActivity" />
34-->src\main\AndroidManifest.xml:27:9-59
34-->src\main\AndroidManifest.xml:27:19-56
35        <activity
35-->src\main\AndroidManifest.xml:28:9-36:20
36            android:name="com.signmaps.MainActivity"
36-->src\main\AndroidManifest.xml:29:13-41
37            android:theme="@style/AppTheme.NoActionBar" >
37-->src\main\AndroidManifest.xml:30:13-56
38            <intent-filter>
38-->src\main\AndroidManifest.xml:31:13-35:29
39                <action android:name="android.intent.action.MAIN" />
39-->src\main\AndroidManifest.xml:32:17-69
39-->src\main\AndroidManifest.xml:32:25-66
40
41                <category android:name="android.intent.category.LAUNCHER" />
41-->src\main\AndroidManifest.xml:34:17-77
41-->src\main\AndroidManifest.xml:34:27-74
42            </intent-filter>
43        </activity>
44        <activity
44-->src\main\AndroidManifest.xml:37:9-40:52
45            android:name="com.signmaps.DetectorActivity"
45-->src\main\AndroidManifest.xml:38:13-45
46            android:label="@string/app_name"
46-->src\main\AndroidManifest.xml:39:13-45
47            android:screenOrientation="portrait" />
47-->src\main\AndroidManifest.xml:40:13-49
48        <!--
49Developers should put application credentials here.To obtain them, please register the application
50         at https://developer.here.com/develop/mobile-sdks
51        -->
52        <meta-data
52-->src\main\AndroidManifest.xml:45:9-47:52
53            android:name="com.here.android.maps.appid"
53-->src\main\AndroidManifest.xml:46:13-55
54            android:value="bBk4mex9bfFt9t00AZLH" />
54-->src\main\AndroidManifest.xml:47:13-49
55        <meta-data
55-->src\main\AndroidManifest.xml:48:9-50:54
56            android:name="com.here.android.maps.apptoken"
56-->src\main\AndroidManifest.xml:49:13-58
57            android:value="aX2-BuRMvYwdOIAnzhEUxQ" />
57-->src\main\AndroidManifest.xml:50:13-51
58        <meta-data
58-->src\main\AndroidManifest.xml:51:9-53:716
59            android:name="com.here.android.maps.license.key"
59-->src\main\AndroidManifest.xml:52:13-61
60            android:value="gjBg4PLVeheI72+0g9GbBO/S6Yj9w7dQ8Omxf9GmWbDckj6eMbHWpbjvKx35PicIsHkdCMvGxvj9XAOvFPecjn9sQJbdlvWQH3p88kvVttXywD/r6GWoKYKNZdd5Fs2/LHwk5GlpVcx76x0iZwjuUTX8wpZZeXEKHrHSC4BrCzrHHxmVYyWe3A5sZlTh39CsnhNH1mw0b6ckTz4y7L6b02/QzY6QpQ0iG6hpGlLRJ++UoW5fXzVNy+h97toLtjS56VF1kJjs/ReADf23kI6Zx7H4SnYDeY1Os+xIVTaXA9Lc/5xbGe3GGtlrHaaHKjwyL7K/VFjPy5QsQW0SmI/EXd247CAjXSer1AjwIWXw1vthtZhIZ+XPXXTKRsbM0vnnxjTYMZh3stOy7A1VLAzLNpIQAocsYrwgrSXOREnGV5TXIR9F8Qadl/SuCQzaanhvjQXrZqwvht9jHjZPhoMW1UiiYTDeVWO7rU4XNXby7Oxls2hNUZhjsrL9B4nwWKl9gl44CWILFd9KhRKt8kPAvE8Fh3yZ3fu5D2xVuc2tB3E4M3RSCF48Aq1falTwX5jm1EFK5Jwuh6jEtAdleuREv7n7uF+gHW/QRc+qlVOQlaqlgIhmC6SBv+AXbiMgAUeOzha3e5TRbiJSkIC0XeSwBnX9DtOD3gxQZD5gDNjssEU=" />
60-->src\main\AndroidManifest.xml:53:13-713
61
62        <service android:name="com.signmaps.ForegroundService" />
62-->src\main\AndroidManifest.xml:55:9-54
62-->src\main\AndroidManifest.xml:55:18-51
63        <service
63-->[:HERE-sdk:] AndroidManifest.xml:12:9-14:40
64            android:name="com.nokia.maps.MapServiceInternal"
64-->[:HERE-sdk:] AndroidManifest.xml:13:13-61
65            android:exported="false" />
65-->[:HERE-sdk:] AndroidManifest.xml:14:13-37
66    </application>
67
68</manifest>